# JRE version: Java(TM) SE Runtime Environment (8.0_202-b08) (build 1.8.0_202-b08)
# Java VM: Java HotSpot(TM) 64-Bit Server VM (25.202-b08 mixed mode windows-amd64 compressed oops)
Heap:
 PSYoungGen      total 312832K, used 249707K [0x000000076bd80000, 0x0000000781b00000, 0x00000007c0000000)
  eden space 296960K, 78% used [0x000000076bd80000,0x000000077a1db9c8,0x000000077df80000)
  from space 15872K, 99% used [0x000000077df80000,0x000000077eeff278,0x000000077ef00000)
  to   space 21504K, 0% used [0x0000000780600000,0x0000000780600000,0x0000000781b00000)
 ParOldGen       total 174080K, used 26254K [0x00000006c3800000, 0x00000006ce200000, 0x000000076bd80000)
  object space 174080K, 15% used [0x00000006c3800000,0x00000006c51a3948,0x00000006ce200000)
 Metaspace       used 51943K, capacity 55040K, committed 55296K, reserved 1097728K
  class space    used 7031K, capacity 7662K, committed 7680K, reserved 1048576K
GC Heap History (10 events):
Event: 10.582 GC heap before
{Heap before GC invocations=7 (full 1):
 PSYoungGen      total 140800K, used 135752K [0x000000076bd80000, 0x0000000779b00000, 0x00000007c0000000)
  eden space 130048K, 100% used [0x000000076bd80000,0x0000000773c80000,0x0000000773c80000)
  from space 10752K, 53% used [0x0000000773c80000,0x0000000774212040,0x0000000774700000)
  to   space 11776K, 0% used [0x0000000778f80000,0x0000000778f80000,0x0000000779b00000)
 ParOldGen       total 100864K, used 6138K [0x00000006c3800000, 0x00000006c9a80000, 0x000000076bd80000)
  object space 100864K, 6% used [0x00000006c3800000,0x00000006c3dfe8a0,0x00000006c9a80000)
 Metaspace       used 30079K, capacity 31360K, committed 31616K, reserved 1077248K
  class space    used 4016K, capacity 4399K, committed 4480K, reserved 1048576K
Event: 10.593 GC heap after
Heap after GC invocations=7 (full 1):
 PSYoungGen      total 206848K, used 9043K [0x000000076bd80000, 0x0000000779880000, 0x00000007c0000000)
  eden space 197632K, 0% used [0x000000076bd80000,0x000000076bd80000,0x0000000777e80000)
  from space 9216K, 98% used [0x0000000778f80000,0x0000000779854d38,0x0000000779880000)
  to   space 11776K, 0% used [0x0000000778180000,0x0000000778180000,0x0000000778d00000)
 ParOldGen       total 100864K, used 6146K [0x00000006c3800000, 0x00000006c9a80000, 0x000000076bd80000)
  object space 100864K, 6% used [0x00000006c3800000,0x00000006c3e008a0,0x00000006c9a80000)
 Metaspace       used 30079K, capacity 31360K, committed 31616K, reserved 1077248K
  class space    used 4016K, capacity 4399K, committed 4480K, reserved 1048576K
}
Event: 11.949 GC heap before
{Heap before GC invocations=8 (full 1):
 PSYoungGen      total 206848K, used 164969K [0x000000076bd80000, 0x0000000779880000, 0x00000007c0000000)
  eden space 197632K, 78% used [0x000000076bd80000,0x00000007755c56f8,0x0000000777e80000)
  from space 9216K, 98% used [0x0000000778f80000,0x0000000779854d38,0x0000000779880000)
  to   space 11776K, 0% used [0x0000000778180000,0x0000000778180000,0x0000000778d00000)
 ParOldGen       total 100864K, used 6146K [0x00000006c3800000, 0x00000006c9a80000, 0x000000076bd80000)
  object space 100864K, 6% used [0x00000006c3800000,0x00000006c3e008a0,0x00000006c9a80000)
 Metaspace       used 33844K, capacity 35314K, committed 35496K, reserved 1079296K
  class space    used 4562K, capacity 4995K, committed 5120K, reserved 1048576K
Event: 11.963 GC heap after
Heap after GC invocations=8 (full 1):
 PSYoungGen      total 212480K, used 11771K [0x000000076bd80000, 0x000000077fe80000, 0x00000007c0000000)
  eden space 200704K, 0% used [0x000000076bd80000,0x000000076bd80000,0x0000000778180000)
  from space 11776K, 99% used [0x0000000778180000,0x0000000778cfec48,0x0000000778d00000)
  to   space 13824K, 0% used [0x000000077f100000,0x000000077f100000,0x000000077fe80000)
 ParOldGen       total 100864K, used 6367K [0x00000006c3800000, 0x00000006c9a80000, 0x000000076bd80000)
  object space 100864K, 6% used [0x00000006c3800000,0x00000006c3e37fb8,0x00000006c9a80000)
 Metaspace       used 33844K, capacity 35314K, committed 35496K, reserved 1079296K
  class space    used 4562K, capacity 4995K, committed 5120K, reserved 1048576K
}
Event: 11.964 GC heap before
{Heap before GC invocations=9 (full 2):
 PSYoungGen      total 212480K, used 11771K [0x000000076bd80000, 0x000000077fe80000, 0x00000007c0000000)
  eden space 200704K, 0% used [0x000000076bd80000,0x000000076bd80000,0x0000000778180000)
  from space 11776K, 99% used [0x0000000778180000,0x0000000778cfec48,0x0000000778d00000)
  to   space 13824K, 0% used [0x000000077f100000,0x000000077f100000,0x000000077fe80000)
 ParOldGen       total 100864K, used 6367K [0x00000006c3800000, 0x00000006c9a80000, 0x000000076bd80000)
  object space 100864K, 6% used [0x00000006c3800000,0x00000006c3e37fb8,0x00000006c9a80000)
 Metaspace       used 33844K, capacity 35314K, committed 35496K, reserved 1079296K
  class space    used 4562K, capacity 4995K, committed 5120K, reserved 1048576K
Event: 12.107 GC heap after
Heap after GC invocations=9 (full 2):
 PSYoungGen      total 212480K, used 0K [0x000000076bd80000, 0x000000077fe80000, 0x00000007c0000000)
  eden space 200704K, 0% used [0x000000076bd80000,0x000000076bd80000,0x0000000778180000)
  from space 11776K, 0% used [0x0000000778180000,0x0000000778180000,0x0000000778d00000)
  to   space 13824K, 0% used [0x000000077f100000,0x000000077f100000,0x000000077fe80000)
 ParOldGen       total 174080K, used 16546K [0x00000006c3800000, 0x00000006ce200000, 0x000000076bd80000)
  object space 174080K, 9% used [0x00000006c3800000,0x00000006c4828b08,0x00000006ce200000)
 Metaspace       used 33844K, capacity 35314K, committed 35496K, reserved 1079296K
  class space    used 4562K, capacity 4995K, committed 5120K, reserved 1048576K
}
Event: 14.349 GC heap before
{Heap before GC invocations=10 (full 2):
 PSYoungGen      total 212480K, used 200704K [0x000000076bd80000, 0x000000077fe80000, 0x00000007c0000000)
  eden space 200704K, 100% used [0x000000076bd80000,0x0000000778180000,0x0000000778180000)
  from space 11776K, 0% used [0x0000000778180000,0x0000000778180000,0x0000000778d00000)
  to   space 13824K, 0% used [0x000000077f100000,0x000000077f100000,0x000000077fe80000)
 ParOldGen       total 174080K, used 16546K [0x00000006c3800000, 0x00000006ce200000, 0x000000076bd80000)
  object space 174080K, 9% used [0x00000006c3800000,0x00000006c4828b08,0x00000006ce200000)
 Metaspace       used 38995K, capacity 41058K, committed 41088K, reserved 1085440K
  class space    used 5249K, capacity 5751K, committed 5760K, reserved 1048576K
Event: 14.369 GC heap after
Heap after GC invocations=10 (full 2):
 PSYoungGen      total 280064K, used 13820K [0x000000076bd80000, 0x000000077fe80000, 0x00000007c0000000)
  eden space 266240K, 0% used [0x000000076bd80000,0x000000076bd80000,0x000000077c180000)
  from space 13824K, 99% used [0x000000077f100000,0x000000077fe7f1a8,0x000000077fe80000)
  to   space 15872K, 0% used [0x000000077df80000,0x000000077df80000,0x000000077ef00000)
 ParOldGen       total 174080K, used 17167K [0x00000006c3800000, 0x00000006ce200000, 0x000000076bd80000)
  object space 174080K, 9% used [0x00000006c3800000,0x00000006c48c3db8,0x00000006ce200000)
 Metaspace       used 38995K, capacity 41058K, committed 41088K, reserved 1085440K
  class space    used 5249K, capacity 5751K, committed 5760K, reserved 1048576K
}
Event: 19.609 GC heap before
{Heap before GC invocations=11 (full 2):
 PSYoungGen      total 280064K, used 280060K [0x000000076bd80000, 0x000000077fe80000, 0x00000007c0000000)
  eden space 266240K, 100% used [0x000000076bd80000,0x000000077c180000,0x000000077c180000)
  from space 13824K, 99% used [0x000000077f100000,0x000000077fe7f1a8,0x000000077fe80000)
  to   space 15872K, 0% used [0x000000077df80000,0x000000077df80000,0x000000077ef00000)
 ParOldGen       total 174080K, used 17167K [0x00000006c3800000, 0x00000006ce200000, 0x000000076bd80000)
  object space 174080K, 9% used [0x00000006c3800000,0x00000006c48c3db8,0x00000006ce200000)
 Metaspace       used 47959K, capacity 50750K, committed 50944K, reserved 1093632K
  class space    used 6502K, capacity 7101K, committed 7168K, reserved 1048576K
Event: 19.638 GC heap after
Heap after GC invocations=11 (full 2):
 PSYoungGen      total 312832K, used 15868K [0x000000076bd80000, 0x0000000781b00000, 0x00000007c0000000)
  eden space 296960K, 0% used [0x000000076bd80000,0x000000076bd80000,0x000000077df80000)
  from space 15872K, 99% used [0x000000077df80000,0x000000077eeff278,0x000000077ef00000)
  to   space 21504K, 0% used [0x0000000780600000,0x0000000780600000,0x0000000781b00000)
 ParOldGen       total 174080K, used 26254K [0x00000006c3800000, 0x00000006ce200000, 0x000000076bd80000)
  object space 174080K, 15% used [0x00000006c3800000,0x00000006c51a3948,0x00000006ce200000)
 Metaspace       used 47959K, capacity 50750K, committed 50944K, reserved 1093632K
  class space    used 6502K, capacity 7101K, committed 7168K, reserved 1048576K
}

